[2026-06-23 19:52:36] [INFO] ATM Application started successfully.
[2026-06-23 19:53:08] [INFO] Failed card validation attempt for Card Number: 1234567812345678
[2026-06-23 19:54:02] [INFO] Failed card validation attempt for Card Number: 1234567890123456
[2026-06-23 19:58:02] [INFO] ATM Application started successfully.
[2026-06-23 19:58:37] [INFO] Failed card validation attempt for Card Number: 1234567890123456
[2026-06-23 20:00:42] [INFO] ATM Application started successfully.
[2026-06-23 20:01:02] [INFO] Failed card validation attempt for Card Number: 1234567890123456
[2026-06-23 20:04:42] [INFO] ATM Application started successfully.
[2026-06-23 20:05:04] [INFO] Card validation successful for User: John
[2026-06-23 20:05:12] [INFO] PIN verification successful for User: John
[2026-06-23 20:05:50] [INFO] User John checked balance.
[2026-06-23 20:05:53] [INFO] User John checked balance.
[2026-06-23 20:06:22] [INFO] User John successfully changed their PIN.
[2026-06-23 20:06:26] [INFO] User John logged out.
[2026-06-23 20:06:46] [INFO] Card validation successful for User: John
[2026-06-23 20:06:49] [INFO] PIN verification successful for User: John
[2026-06-23 20:09:02] [INFO] ATM Application started successfully.
[2026-06-23 20:09:18] [INFO] Failed card validation attempt for Card Number: 1111111111111111
[2026-06-23 20:10:28] [INFO] ATM Application started successfully.
[2026-06-23 20:10:41] [INFO] Card validation successful for User: gio
[2026-06-23 20:10:47] [INFO] PIN verification successful for User: gio
[2026-06-23 20:11:07] [INFO] User gio successfully converted their amount.
[2026-06-23 20:19:40] [INFO] ATM Application started successfully.
[2026-06-23 20:19:52] [INFO] ATM Application started successfully.
[2026-06-23 20:20:05] [INFO] Card validation successful for User: gio
[2026-06-23 20:20:08] [INFO] PIN verification successful for User: gio
[2026-06-23 20:45:02] [INFO] ATM Application started successfully.
[2026-06-23 20:45:23] [INFO] Failed card validation attempt for Card Number: 1111111111111111
[2026-06-23 20:45:52] [INFO] Card validation successful for User: gio
[2026-06-23 20:45:55] [INFO] PIN verification successful for User: gio
[2026-06-23 20:45:58] [INFO] User gio checked balance.
[2026-06-23 20:46:14] [INFO] Successfully deposited 1000 GEL for User: gio.
[2026-06-23 20:46:15] [INFO] User gio checked balance.
[2026-06-23 20:53:13] [INFO] ATM Application started successfully.
[2026-06-23 20:53:29] [INFO] Card validation successful for User: gio
[2026-06-23 20:53:31] [INFO] PIN verification successful for User: gio
[2026-06-23 20:53:34] [INFO] User gio checked balance.
[2026-06-23 20:53:46] [INFO] User gio entered invalid currency for deposit: 1000.
[2026-06-23 20:53:54] [INFO] Successfully deposited 112 GEL for User: gio.
[2026-06-23 20:53:55] [INFO] User gio checked balance.
[2026-06-23 20:54:12] [INFO] Successfully withdrew 1000 GEL for User: gio.
[2026-06-23 20:54:14] [INFO] User gio checked balance.
[2026-06-23 20:54:47] [INFO] User gio successfully converted their amount.
[2026-06-23 20:54:49] [INFO] User gio checked balance.
[2026-06-23 20:56:46] [INFO] User gio checked balance.
[2026-06-23 20:57:25] [INFO] ATM Application started successfully.
[2026-06-23 20:57:42] [INFO] Card validation successful for User: gio
[2026-06-23 20:57:45] [INFO] PIN verification successful for User: gio
[2026-06-23 20:57:49] [INFO] User gio checked balance.
[2026-06-23 20:57:57] [INFO] User gio viewed transaction history.
[2026-06-23 20:58:24] [INFO] User gio logged out.
